<?xml version="1.0" encoding="UTF-8"?>
<!-- Generated by org.testng.reporters.JUnitReportReporter -->
<testsuite hostname="LAPTOP-MP4N758N" failures="0" tests="1" name="tests.SoapXMLRequest" time="2.041" errors="0" timestamp="2023-07-10T12:41:23 EDT" skipped="0">
  <testcase classname="tests.SoapXMLRequest" name="validateSoapXML" time="2.041"/>
  <system-out/>
</testsuite> <!-- tests.SoapXMLRequest -->
