<?xml version="1.0" encoding="UTF-8"?>
<!-- Generated by org.testng.reporters.JUnitReportReporter -->
<testsuite hostname="LAPTOP-MP4N758N" failures="0" tests="1" name="tests.PutPatchDeleteExamples" time="1.691" errors="0" timestamp="2023-07-08T14:12:52 EDT" skipped="0">
  <testcase classname="tests.PutPatchDeleteExamples" name="testDelete" time="1.691"/>
  <system-out/>
</testsuite> <!-- tests.PutPatchDeleteExamples -->
