<?xml version="1.0" encoding="UTF-8"?>
<!-- Generated by org.testng.reporters.JUnitReportReporter -->
<testsuite hostname="LAPTOP-MP4N758N" failures="0" tests="2" name="tests.TestsExamples" time="3.059" errors="0" timestamp="2023-07-08T11:43:41 EDT" skipped="0">
  <testcase classname="tests.TestsExamples" name="test_1" time="2.312"/>
  <system-out/>
  <testcase classname="tests.TestsExamples" name="test_2" time="0.747"/>
  <system-out/>
</testsuite> <!-- tests.TestsExamples -->
