<?xml version="1.0" encoding="UTF-8"?>
<!-- Generated by org.testng.reporters.JUnitReportReporter -->
<testsuite hostname="LAPTOP-MP4N758N" failures="0" tests="3" name="tests.GetAndPostExample" time="2.447" errors="0" timestamp="2023-07-08T13:45:56 EDT" skipped="0">
  <testcase classname="tests.GetAndPostExample" name="testPost2" time="0.320"/>
  <system-out/>
  <testcase classname="tests.GetAndPostExample" name="testGet" time="2.124"/>
  <system-out/>
  <testcase classname="tests.GetAndPostExample" name="testPost" time="0.003"/>
  <system-out/>
</testsuite> <!-- tests.GetAndPostExample -->
